Release 12.1 Xflow M.53d (nt64)
Copyright (c) 1995-2010 Xilinx, Inc.  All rights reserved.
xflow.exe -wd implementation -p xc6slx9csg324-2 -implement xflow.opt system.ngc 
 
PMSPEC -- Overriding Xilinx file
<C:/Xilinx/12.1/ISE_DS/EDK/spartan6/data/spartan6.acd> with local file
<C:/Xilinx/12.1/ISE_DS/ISE/spartan6/data/spartan6.acd>
.... Copying flowfile C:/Xilinx/12.1/ISE_DS/ISE/xilinx/data/fpga.flw into
working directory
C:/Xilinx/ALBERTO/AMPLIACION_PLB_v2/ficheros_p1/pr_1/implementation 

Using Flow File:
C:/Xilinx/ALBERTO/AMPLIACION_PLB_v2/ficheros_p1/pr_1/implementation/fpga.flw 
Using Option File(s): 
 C:/Xilinx/ALBERTO/AMPLIACION_PLB_v2/ficheros_p1/pr_1/implementation/xflow.opt 

Creating Script File ... 

#----------------------------------------------#
# Starting program ngdbuild
# ngdbuild -p xc6slx9csg324-2 -nt timestamp -bm system.bmm
"C:/Xilinx/ALBERTO/AMPLIACION_PLB_v2/ficheros_p1/pr_1/implementation/system.ngc"
-uc system.ucf system.ngd 
#----------------------------------------------#
Release 12.1 - ngdbuild M.53d (nt64)
Copyright (c) 1995-2010 Xilinx, Inc.  All rights reserved.
PMSPEC -- Overriding Xilinx file
<C:/Xilinx/12.1/ISE_DS/EDK/spartan6/data/spartan6.acd> with local file
<C:/Xilinx/12.1/ISE_DS/ISE/spartan6/data/spartan6.acd>

Command Line: C:\Xilinx\12.1\ISE_DS\ISE\bin\nt64\unwrapped\ngdbuild.exe -p
xc6slx9csg324-2 -nt timestamp -bm system.bmm
C:/Xilinx/ALBERTO/AMPLIACION_PLB_v2/ficheros_p1/pr_1/implementation/system.ngc
-uc system.ucf system.ngd

Reading NGO file
"C:/Xilinx/ALBERTO/AMPLIACION_PLB_v2/ficheros_p1/pr_1/implementation/system.ngc"
...
Gathering constraint information from source properties...
Done.

Annotating constraints to design from ucf file "system.ucf" ...
Resolving constraint associations...
Checking Constraint Associations...
WARNING:ConstraintSystem:119 - Constraint <NET "fpga_0_MCB3_LPDDR_rzq_pin"
   IOSTANDARD = "MOBILE_DDR">: This constraint cannot be distributed from the
   design objects matching 'NET: UniqueName:
   /system/EXPANDED/fpga_0_MCB3_LPDDR_rzq_pin' because those design objects do
   not contain or drive any instances of the correct type.

WARNING:ConstraintSystem:119 - Constraint <NET "fpga_0_MCB3_LPDDR_rzq_pin" LOC =
   N4>: This constraint cannot be distributed from the design objects matching
   'NET: UniqueName: /system/EXPANDED/fpga_0_MCB3_LPDDR_rzq_pin' because those
   design objects do not contain or drive any instances of the correct type.

WARNING:ConstraintSystem - A target design object for the Locate constraint
   '<NET "fpga_0_MCB3_LPDDR_rzq_pin" LOC = N4>' could not be found and so the
   Locate constraint will be removed.

INFO:ConstraintSystem:178 - TNM 'sys_clk_pin', used in period specification
   'TS_sys_clk_pin', was traced into PLL_ADV instance
   clock_generator_0/PLL0_INST/Using_PLL_ADV.PLL_ADV_inst. The following new TNM
   groups and period specifications were generated at the PLL_ADV output(s): 
   CLKOUT1: <TIMESPEC TS_clk_400_0000MHz180PLL0_nobuf = PERIOD
   "clk_400_0000MHz180PLL0_nobuf" TS_sys_clk_pin * 6 PHASE 1.25 ns HIGH 50%>

INFO:ConstraintSystem:178 - TNM 'sys_clk_pin', used in period specification
   'TS_sys_clk_pin', was traced into PLL_ADV instance
   clock_generator_0/PLL0_INST/Using_PLL_ADV.PLL_ADV_inst. The following new TNM
   groups and period specifications were generated at the PLL_ADV output(s): 
   CLKOUT0: <TIMESPEC TS_clk_400_0000MHzPLL0_nobuf = PERIOD
   "clk_400_0000MHzPLL0_nobuf" TS_sys_clk_pin * 6 HIGH 50%>

INFO:ConstraintSystem:178 - TNM 'sys_clk_pin', used in period specification
   'TS_sys_clk_pin', was traced into PLL_ADV instance
   clock_generator_0/PLL0_INST/Using_PLL_ADV.PLL_ADV_inst. The following new TNM
   groups and period specifications were generated at the PLL_ADV output(s): 
   CLKOUT2: <TIMESPEC TS_clock_generator_0_clock_generator_0_SIG_PLL0_CLKOUT2 =
   PERIOD "clock_generator_0_clock_generator_0_SIG_PLL0_CLKOUT2" TS_sys_clk_pin
   HIGH 50%>

Done...

Processing BMM file "system.bmm" ...

WARNING:NgdBuild:1212 - User specified non-default attribute value (15.0) was
   detected for the CLKIN1_PERIOD attribute on PLL
   "clock_generator_0/PLL0_INST/Using_PLL_ADV.PLL_ADV_inst".  This does not
   match the PERIOD constraint value (66666.7 KHz.).  The uncertainty
   calculation will use the non-default attribute value.  This could result in
   incorrect uncertainty calculated for PLL output clocks.
Checking expanded design ...
WARNING:NgdBuild:443 - SFF primitive
   'Ethernet_MAC/Ethernet_MAC/XEMAC_I/XPS_IPIF_I/PLBV46_BURST_I/I_SLAVE_ATTACHME
   NT/I_DECODER/MEM_DECODE_GEN[0].GEN_PLB_SHARED.I_BKEND_CS_REG' has unconnected
   output pin
WARNING:NgdBuild:443 - SFF primitive
   'Ethernet_MAC/Ethernet_MAC/XEMAC_I/XPS_IPIF_I/PLBV46_BURST_I/I_SLAVE_ATTACHME
   NT/I_BUS_ADDRESS_COUNTER/GEN_FOR_SHARED.GEN_S_H_SIZE_REG[0].I_SIZE_S_H_REG'
   has unconnected output pin
WARNING:NgdBuild:443 - SFF primitive
   'Ethernet_MAC/Ethernet_MAC/XEMAC_I/XPS_IPIF_I/PLBV46_BURST_I/I_SLAVE_ATTACHME
   NT/I_STEER_ADDRESS_COUNTER/GEN_FOR_SHARED.GEN_S_H_SIZE_REG[0].I_SIZE_S_H_REG'
   has unconnected output pin
WARNING:NgdBuild:443 - SFF primitive
   'Ethernet_MAC/Ethernet_MAC/XEMAC_I/XPS_IPIF_I/PLBV46_BURST_I/I_SLAVE_ATTACHME
   NT/I_BURST_SUPPORT/RESPONSE_DBEAT_CNTR_I/STRUCTURAL_A_GEN.I_ADDSUB_GEN[5].FDR
   E_I' has unconnected output pin
WARNING:NgdBuild:443 - SFF primitive
   'Ethernet_MAC/Ethernet_MAC/XEMAC_I/XPS_IPIF_I/PLBV46_BURST_I/I_SLAVE_ATTACHME
   NT/I_BURST_SUPPORT/CONTROL_DBEAT_CNTR_I/STRUCTURAL_A_GEN.I_ADDSUB_GEN[5].FDRE
   _I' has unconnected output pin
WARNING:NgdBuild:443 - SFF primitive
   'Ethernet_MAC/Ethernet_MAC/XEMAC_I/EMAC_I/COLLISION_SYNC' has unconnected
   output pin
WARNING:NgdBuild:452 - logical net 'fpga_0_MCB3_LPDDR_rzq_pin' has no driver
WARNING:NgdBuild:452 - logical net 'N28' has no driver
WARNING:NgdBuild:452 - logical net 'N29' has no driver
WARNING:NgdBuild:452 - logical net 'N30' has no driver
WARNING:NgdBuild:452 - logical net 'N31' has no driver
WARNING:NgdBuild:452 - logical net 'N32' has no driver
WARNING:NgdBuild:452 - logical net 'N33' has no driver
WARNING:NgdBuild:452 - logical net 'N34' has no driver
WARNING:NgdBuild:452 - logical net 'N35' has no driver
WARNING:NgdBuild:452 - logical net 'N36' has no driver
WARNING:NgdBuild:452 - logical net 'N37' has no driver
WARNING:NgdBuild:452 - logical net 'N38' has no driver
WARNING:NgdBuild:452 - logical net 'N39' has no driver
WARNING:NgdBuild:452 - logical net 'N40' has no driver
WARNING:NgdBuild:452 - logical net 'N41' has no driver
WARNING:NgdBuild:452 - logical net 'N42' has no driver
WARNING:NgdBuild:452 - logical net 'N43' has no driver
WARNING:NgdBuild:452 - logical net 'N48' has no driver
WARNING:NgdBuild:452 - logical net 'N49' has no driver
WARNING:NgdBuild:452 - logical net 'N50' has no driver
WARNING:NgdBuild:452 - logical net 'MCB3_LPDDR/mcbx_dram_dqs_n' has no driver
WARNING:NgdBuild:452 - logical net 'MCB3_LPDDR/mcbx_dram_udqs_n' has no driver
WARNING:NgdBuild:452 - logical net 'MCB3_LPDDR/zio' has no driver
WARNING:NgdBuild:478 - clock net mdm_0/bscan_drck1 with clock driver
   mdm_0/mdm_0/BUFG_DRCK1 drives no clock pins

Partition Implementation Status
-------------------------------

  No Partitions were found in this design.

-------------------------------

NGDBUILD Design Results Summary:
  Number of errors:     0
  Number of warnings:  34

Writing NGD file "system.ngd" ...
Total REAL time to NGDBUILD completion:  4 sec
Total CPU time to NGDBUILD completion:   4 sec

Writing NGDBUILD log file "system.bld"...

NGDBUILD done.



#----------------------------------------------#
# Starting program map
# map -o system_map.ncd -w -pr b -ol high -timing -detail system.ngd system.pcf 
#----------------------------------------------#
Release 12.1 - Map M.53d (nt64)
Copyright (c) 1995-2010 Xilinx, Inc.  All rights reserved.
PMSPEC -- Overriding Xilinx file
<C:/Xilinx/12.1/ISE_DS/EDK/data/Xdh_PrimTypeLib.xda> with local file
<C:/Xilinx/12.1/ISE_DS/ISE/data/Xdh_PrimTypeLib.xda>
Using target part "6slx9csg324-2".
vvvvvvvvvvvvvvvvvvvvvvvvvvvvvvvvvvvvvvvvvvvvvvvvvvvvvvvvvvvvvvvvvvvvvv
INFO:Security:50 - The XILINXD_LICENSE_FILE environment variable is set to
'2100@freyja.us.es'.
INFO:Security:53 - The LM_LICENSE_FILE environment variable is not set.
INFO:Security:54 - 'xc6slx9' is a WebPack part.
WARNING:Security:43 - No license file was found in the standard Xilinx license
directory.
WARNING:Security:44 - No license file was found.
       Please run the Xilinx License Configuration Manager
       (xlcm or "Manage Xilinx Licenses")
       to assist in obtaining a license.
WARNING:Security:42 - Your software subscription period has lapsed. Your current
version of Xilinx tools will continue to function, but you no longer qualify for
Xilinx software updates or new releases.
----------------------------------------------------------------------
Mapping design into LUTs...
WARNING:MapLib:701 - Signal fpga_0_Ethernet_MAC_PHY_col_pin connected to top
   level port fpga_0_Ethernet_MAC_PHY_col_pin has been removed.
Writing file system_map.ngm...
Running directed packing...
Running delay-based LUT packing...
Updating timing models...
INFO:Map:215 - The Interim Design Summary has been generated in the MAP Report
   (.mrp).
Running timing-driven placement...
Total REAL time at the beginning of Placer: 13 secs 
Total CPU  time at the beginning of Placer: 13 secs 

Phase 1.1  Initial Placement Analysis
Phase 1.1  Initial Placement Analysis (Checksum:8b54a6c1) REAL time: 14 secs 

Phase 2.7  Design Feasibility Check
INFO:Place:834 - Only a subset of IOs are locked. Out of 102 IOs, 94 are locked
   and 8 are not locked. If you would like to print the names of these IOs,
   please set the environment variable XIL_PAR_DESIGN_CHECK_VERBOSE to 1. 
Phase 2.7  Design Feasibility Check (Checksum:8b54a6c1) REAL time: 15 secs 

Phase 3.31  Local Placement Optimization
Phase 3.31  Local Placement Optimization (Checksum:99c97b21) REAL time: 15 secs 

Phase 4.2  Initial Placement for Architecture Specific Features
...
Phase 4.2  Initial Placement for Architecture Specific Features (Checksum:1fe08861) REAL time: 21 secs 

Phase 5.36  Local Placement Optimization
Phase 5.36  Local Placement Optimization (Checksum:1fe08861) REAL time: 21 secs 

Phase 6.30  Global Clock Region Assignment
Phase 6.30  Global Clock Region Assignment (Checksum:1fe08861) REAL time: 21 secs 

Phase 7.3  Local Placement Optimization
...
Phase 7.3  Local Placement Optimization (Checksum:e2c21f59) REAL time: 21 secs 

Phase 8.5  Local Placement Optimization
Phase 8.5  Local Placement Optimization (Checksum:e2c21f59) REAL time: 21 secs 

Phase 9.8  Global Placement
...........................
................................................................................................
................................................................................................................
.................................................................................................................
.........................
Phase 9.8  Global Placement (Checksum:ab58033b) REAL time: 53 secs 

Phase 10.5  Local Placement Optimization
Phase 10.5  Local Placement Optimization (Checksum:ab58033b) REAL time: 53 secs 

Phase 11.18  Placement Optimization
Phase 11.18  Placement Optimization (Checksum:aa6e03eb) REAL time: 55 secs 

Phase 12.5  Local Placement Optimization
Phase 12.5  Local Placement Optimization (Checksum:aa6e03eb) REAL time: 55 secs 

Phase 13.34  Placement Validation
Phase 13.34  Placement Validation (Checksum:72a7ac2c) REAL time: 55 secs 

Total REAL time to Placer completion: 55 secs 
Total CPU  time to Placer completion: 55 secs 
Running post-placement packing...
Writing output files...

Design Summary:
Number of errors:      0
Number of warnings:   19
Slice Logic Utilization:
  Number of Slice Registers:                 3,856 out of  11,440   33%
    Number used as Flip Flops:               3,855
    Number used as Latches:                      0
    Number used as Latch-thrus:                  0
    Number used as AND/OR logics:                1
  Number of Slice LUTs:                      4,206 out of   5,720   73%
    Number used as logic:                    3,393 out of   5,720   59%
      Number using O6 output only:           2,664
      Number using O5 output only:              57
      Number using O5 and O6:                  672
      Number used as ROM:                        0
    Number used as Memory:                     171 out of   1,440   11%
      Number used as Dual Port RAM:             72
        Number using O6 output only:             0
        Number using O5 output only:             1
        Number using O5 and O6:                 71
      Number used as Single Port RAM:            4
        Number using O6 output only:             4
        Number using O5 output only:             0
        Number using O5 and O6:                  0
      Number used as Shift Register:            95
        Number using O6 output only:            32
        Number using O5 output only:             1
        Number using O5 and O6:                 62
    Number used exclusively as route-thrus:    642
      Number with same-slice register load:    632
      Number with same-slice carry load:         7
      Number with other load:                    3

Slice Logic Distribution:
  Number of occupied Slices:                 1,383 out of   1,430   96%
  Number of LUT Flip Flop pairs used:        4,324
    Number with an unused Flip Flop:         1,382 out of   4,324   31%
    Number with an unused LUT:                 118 out of   4,324    2%
    Number of fully used LUT-FF pairs:       2,824 out of   4,324   65%
    Number of unique control sets:             302
    Number of slice register sites lost
      to control set restrictions:           1,169 out of  11,440   10%

  A LUT Flip Flop pair for this architecture represents one LUT paired with
  one Flip Flop within a slice.  A control set is a unique combination of
  clock, reset, set, and enable signals for a registered element.
  The Slice Logic Distribution report is not meaningful if the design is
  over-mapped for a non-slice resource or if Placement fails.

IO Utilization:
  Number of bonded IOBs:                       102 out of     200   51%
    Number of LOCed IOBs:                       94 out of     102   92%
    IOB Flip Flops:                             41

Specific Feature Utilization:
  Number of RAMB16BWERs:                         6 out of      32   18%
  Number of RAMB8BWERs:                          0 out of      64    0%
  Number of BUFIO2/BUFIO2_2CLKs:                 1 out of      32    3%
    Number used as BUFIO2s:                      1
    Number used as BUFIO2_2CLKs:                 0
  Number of BUFIO2FB/BUFIO2FB_2CLKs:             0 out of      32    0%
  Number of BUFG/BUFGMUXs:                       2 out of      16   12%
    Number used as BUFGs:                        2
    Number used as BUFGMUX:                      0
  Number of DCM/DCM_CLKGENs:                     0 out of       4    0%
  Number of ILOGIC2/ISERDES2s:                  11 out of     200    5%
    Number used as ILOGIC2s:                    11
    Number used as ISERDES2s:                    0
  Number of IODELAY2/IODRP2/IODRP2_MCBs:        22 out of     200   11%
    Number used as IODELAY2s:                    0
    Number used as IODRP2s:                      0
    Number used as IODRP2_MCBs:                 22
  Number of OLOGIC2/OSERDES2s:                  70 out of     200   35%
    Number used as OLOGIC2s:                    27
    Number used as OSERDES2s:                   43
  Number of BSCANs:                              1 out of       4   25%
  Number of BUFHs:                               0 out of     128    0%
  Number of BUFPLLs:                             0 out of       8    0%
  Number of BUFPLL_MCBs:                         1 out of       4   25%
  Number of DSP48A1s:                            3 out of      16   18%
  Number of ICAPs:                               0 out of       1    0%
  Number of MCBs:                                1 out of       2   50%
  Number of PCILOGICSEs:                         0 out of       2    0%
  Number of PLL_ADVs:                            1 out of       2   50%
  Number of PMVs:                                0 out of       1    0%
  Number of STARTUPs:                            0 out of       1    0%
  Number of SUSPEND_SYNCs:                       0 out of       1    0%

Average Fanout of Non-Clock Nets:                3.70

Peak Memory Usage:  495 MB
Total REAL time to MAP completion:  59 secs 
Total CPU time to MAP completion:   59 secs 

Mapping completed.
See MAP report file "system_map.mrp" for details.



#----------------------------------------------#
# Starting program par
# par -w -ol high system_map.ncd system.ncd system.pcf 
#----------------------------------------------#
Release 12.1 - par M.53d (nt64)
Copyright (c) 1995-2010 Xilinx, Inc.  All rights reserved.
PMSPEC -- Overriding Xilinx file <C:/Xilinx/12.1/ISE_DS/EDK/data/parBmgr.acd> with local file
<C:/Xilinx/12.1/ISE_DS/ISE/data/parBmgr.acd>



Constraints file: system.pcf.
Loading device for application Rf_Device from file '6slx9.nph' in environment
C:\Xilinx\12.1\ISE_DS\ISE;C:\Xilinx\12.1\ISE_DS\EDK.
   "system" is an NCD, version 3.2, device xc6slx9, package csg324, speed -2
vvvvvvvvvvvvvvvvvvvvvvvvvvvvvvvvvvvvvvvvvvvvvvvvvvvvvvvvvvvvvvvvvvvvvv
INFO:Security:50 - The XILINXD_LICENSE_FILE environment variable is set to '2100@freyja.us.es'.
INFO:Security:53 - The LM_LICENSE_FILE environment variable is not set.
INFO:Security:54 - 'xc6slx9' is a WebPack part.
WARNING:Security:43 - No license file was found in the standard Xilinx license directory.
WARNING:Security:44 - No license file was found.
       Please run the Xilinx License Configuration Manager
       (xlcm or "Manage Xilinx Licenses")
       to assist in obtaining a license.
WARNING:Security:42 - Your software subscription period has lapsed. Your current version of Xilinx tools will continue
to function, but you no longer qualify for Xilinx software updates or new releases.

----------------------------------------------------------------------

Initializing temperature to 85.000 Celsius. (default - Range: 0.000 to 85.000 Celsius)
Initializing voltage to 1.140 Volts. (default - Range: 1.140 to 1.260 Volts)


Device speed data version:  "ADVANCED 1.08 2010-04-09".



Device Utilization Summary:

Slice Logic Utilization:
  Number of Slice Registers:                 3,856 out of  11,440   33%
    Number used as Flip Flops:               3,855
    Number used as Latches:                      0
    Number used as Latch-thrus:                  0
    Number used as AND/OR logics:                1
  Number of Slice LUTs:                      4,206 out of   5,720   73%
    Number used as logic:                    3,393 out of   5,720   59%
      Number using O6 output only:           2,664
      Number using O5 output only:              57
      Number using O5 and O6:                  672
      Number used as ROM:                        0
    Number used as Memory:                     171 out of   1,440   11%
      Number used as Dual Port RAM:             72
        Number using O6 output only:             0
        Number using O5 output only:             1
        Number using O5 and O6:                 71
      Number used as Single Port RAM:            4
        Number using O6 output only:             4
        Number using O5 output only:             0
        Number using O5 and O6:                  0
      Number used as Shift Register:            95
        Number using O6 output only:            32
        Number using O5 output only:             1
        Number using O5 and O6:                 62
    Number used exclusively as route-thrus:    642
      Number with same-slice register load:    632
      Number with same-slice carry load:         7
      Number with other load:                    3

Slice Logic Distribution:
  Number of occupied Slices:                 1,383 out of   1,430   96%
  Number of LUT Flip Flop pairs used:        4,324
    Number with an unused Flip Flop:         1,382 out of   4,324   31%
    Number with an unused LUT:                 118 out of   4,324    2%
    Number of fully used LUT-FF pairs:       2,824 out of   4,324   65%
    Number of slice register sites lost
      to control set restrictions:               0 out of  11,440    0%

  A LUT Flip Flop pair for this architecture represents one LUT paired with
  one Flip Flop within a slice.  A control set is a unique combination of
  clock, reset, set, and enable signals for a registered element.
  The Slice Logic Distribution report is not meaningful if the design is
  over-mapped for a non-slice resource or if Placement fails.

IO Utilization:
  Number of bonded IOBs:                       102 out of     200   51%
    Number of LOCed IOBs:                       94 out of     102   92%
    IOB Flip Flops:                             41

Specific Feature Utilization:
  Number of RAMB16BWERs:                         6 out of      32   18%
  Number of RAMB8BWERs:                          0 out of      64    0%
  Number of BUFIO2/BUFIO2_2CLKs:                 1 out of      32    3%
    Number used as BUFIO2s:                      1
    Number used as BUFIO2_2CLKs:                 0
  Number of BUFIO2FB/BUFIO2FB_2CLKs:             0 out of      32    0%
  Number of BUFG/BUFGMUXs:                       2 out of      16   12%
    Number used as BUFGs:                        2
    Number used as BUFGMUX:                      0
  Number of DCM/DCM_CLKGENs:                     0 out of       4    0%
  Number of ILOGIC2/ISERDES2s:                  11 out of     200    5%
    Number used as ILOGIC2s:                    11
    Number used as ISERDES2s:                    0
  Number of IODELAY2/IODRP2/IODRP2_MCBs:        22 out of     200   11%
    Number used as IODELAY2s:                    0
    Number used as IODRP2s:                      0
    Number used as IODRP2_MCBs:                 22
  Number of OLOGIC2/OSERDES2s:                  70 out of     200   35%
    Number used as OLOGIC2s:                    27
    Number used as OSERDES2s:                   43
  Number of BSCANs:                              1 out of       4   25%
  Number of BUFHs:                               0 out of     128    0%
  Number of BUFPLLs:                             0 out of       8    0%
  Number of BUFPLL_MCBs:                         1 out of       4   25%
  Number of DSP48A1s:                            3 out of      16   18%
  Number of ICAPs:                               0 out of       1    0%
  Number of MCBs:                                1 out of       2   50%
  Number of PCILOGICSEs:                         0 out of       2    0%
  Number of PLL_ADVs:                            1 out of       2   50%
  Number of PMVs:                                0 out of       1    0%
  Number of STARTUPs:                            0 out of       1    0%
  Number of SUSPEND_SYNCs:                       0 out of       1    0%


Overall effort level (-ol):   High 
Router effort level (-rl):    High 

Starting initial Timing Analysis.  REAL time: 5 secs 
Finished initial Timing Analysis.  REAL time: 5 secs 

WARNING:Par:288 - The signal microblaze_0/microblaze_0/Performance.Data_Flow_I/Register_File_I/Using_LUT6.All_RAM32M[6].ram32m_i_RAMD_D1_O
   has no load.  PAR will not attempt to route this signal.
WARNING:Par:288 - The signal microblaze_0/microblaze_0/Performance.Data_Flow_I/Register_File_I/Using_LUT6.All_RAM32M[5].ram32m_i_RAMD_D1_O
   has no load.  PAR will not attempt to route this signal.
WARNING:Par:288 - The signal microblaze_0/microblaze_0/Performance.Data_Flow_I/Register_File_I/Using_LUT6.All_RAM32M[0].ram32m_i_RAMD_D1_O
   has no load.  PAR will not attempt to route this signal.
WARNING:Par:288 - The signal microblaze_0/microblaze_0/Performance.Data_Flow_I/Register_File_I/Using_LUT6.All_RAM32M[1].ram32m_i_RAMD_D1_O
   has no load.  PAR will not attempt to route this signal.
WARNING:Par:288 - The signal microblaze_0/microblaze_0/Performance.Data_Flow_I/Register_File_I/Using_LUT6.All_RAM32M[12].ram32m_i_RAMD_D1_O
   has no load.  PAR will not attempt to route this signal.
WARNING:Par:288 - The signal microblaze_0/microblaze_0/Performance.Data_Flow_I/Register_File_I/Using_LUT6.All_RAM32M[13].ram32m_i_RAMD_D1_O
   has no load.  PAR will not attempt to route this signal.
WARNING:Par:288 - The signal microblaze_0/microblaze_0/Performance.Data_Flow_I/Register_File_I/Using_LUT6.All_RAM32M[9].ram32m_i_RAMD_D1_O
   has no load.  PAR will not attempt to route this signal.
WARNING:Par:288 - The signal microblaze_0/microblaze_0/Performance.Data_Flow_I/Register_File_I/Using_LUT6.All_RAM32M[4].ram32m_i_RAMD_D1_O
   has no load.  PAR will not attempt to route this signal.
WARNING:Par:288 - The signal microblaze_0/microblaze_0/Performance.Data_Flow_I/Register_File_I/Using_LUT6.All_RAM32M[3].ram32m_i_RAMD_D1_O
   has no load.  PAR will not attempt to route this signal.
WARNING:Par:288 - The signal microblaze_0/microblaze_0/Performance.Data_Flow_I/Register_File_I/Using_LUT6.All_RAM32M[11].ram32m_i_RAMD_D1_O
   has no load.  PAR will not attempt to route this signal.
WARNING:Par:288 - The signal microblaze_0/microblaze_0/Performance.Data_Flow_I/Register_File_I/Using_LUT6.All_RAM32M[15].ram32m_i_RAMD_D1_O
   has no load.  PAR will not attempt to route this signal.
WARNING:Par:288 - The signal microblaze_0/microblaze_0/Performance.Data_Flow_I/Register_File_I/Using_LUT6.All_RAM32M[7].ram32m_i_RAMD_D1_O
   has no load.  PAR will not attempt to route this signal.
WARNING:Par:288 - The signal microblaze_0/microblaze_0/Performance.Data_Flow_I/Register_File_I/Using_LUT6.All_RAM32M[2].ram32m_i_RAMD_D1_O
   has no load.  PAR will not attempt to route this signal.
WARNING:Par:288 - The signal microblaze_0/microblaze_0/Performance.Data_Flow_I/Register_File_I/Using_LUT6.All_RAM32M[8].ram32m_i_RAMD_D1_O
   has no load.  PAR will not attempt to route this signal.
WARNING:Par:288 - The signal microblaze_0/microblaze_0/Performance.Data_Flow_I/Register_File_I/Using_LUT6.All_RAM32M[10].ram32m_i_RAMD_D1_O
   has no load.  PAR will not attempt to route this signal.
WARNING:Par:288 - The signal microblaze_0/microblaze_0/Performance.Data_Flow_I/Register_File_I/Using_LUT6.All_RAM32M[14].ram32m_i_RAMD_D1_O
   has no load.  PAR will not attempt to route this signal.
WARNING:Par:288 - The signal
   Ethernet_MAC/Ethernet_MAC/XEMAC_I/EMAC_I/RX/INST_RX_INTRFCE/I_RX_FIFO/LEGACY_COREGEN_DEPTH.YES_S6_OR_V6.I_ASYNC_FIFO_BRAM/BU3/U0/grf.rf/m
   em/gdm.dm/Mram_RAM_RAMD_D1_O has no load.  PAR will not attempt to route this signal.
WARNING:Par:288 - The signal
   Ethernet_MAC/Ethernet_MAC/XEMAC_I/EMAC_I/TX/INST_TX_INTRFCE/I_TX_FIFO/LEGACY_COREGEN_DEPTH.YES_S6_OR_V6.I_ASYNC_FIFO_BRAM/BU3/U0/grf.rf/m
   em/gdm.dm/Mram_RAM_RAMD_D1_O has no load.  PAR will not attempt to route this signal.
Starting Router


Phase  1  : 25294 unrouted;      REAL time: 6 secs 

Phase  2  : 21399 unrouted;      REAL time: 6 secs 

Phase  3  : 9651 unrouted;      REAL time: 11 secs 

Phase  4  : 9651 unrouted; (Setup:0, Hold:0, Component Switching Limit:0)     REAL time: 11 secs 

Updating file: system.ncd with current fully routed design.

Phase  5  : 0 unrouted; (Setup:0, Hold:0, Component Switching Limit:0)     REAL time: 20 secs 

Phase  6  : 0 unrouted; (Setup:0, Hold:0, Component Switching Limit:0)     REAL time: 20 secs 

Phase  7  : 0 unrouted; (Setup:0, Hold:0, Component Switching Limit:0)     REAL time: 20 secs 

Phase  8  : 0 unrouted; (Setup:0, Hold:0, Component Switching Limit:0)     REAL time: 20 secs 

Phase  9  : 0 unrouted; (Setup:0, Hold:0, Component Switching Limit:0)     REAL time: 20 secs 

Phase 10  : 0 unrouted; (Setup:0, Hold:0, Component Switching Limit:0)     REAL time: 21 secs 
Total REAL time to Router completion: 21 secs 
Total CPU time to Router completion: 21 secs 

Partition Implementation Status
-------------------------------

  No Partitions were found in this design.

-------------------------------

Generating "PAR" statistics.

**************************
Generating Clock Report
**************************
WARNING:ParHelpers:81 - 
   The following Clock signals have USELOWSKEWLINES constraint
   specified. The router was not able to completely route using
   the LOW SKEW resources. Check the timing report to verify the
   delay and skew for this net.
Net Name: fpga_0_Ethernet_MAC_PHY_rx_clk_pin_IBUF

+---------------------+--------------+------+------+------------+-------------+
|        Clock Net    |   Resource   |Locked|Fanout|Net Skew(ns)|Max Delay(ns)|
+---------------------+--------------+------+------+------------+-------------+
|  clk_66_6667MHzPLL0 |  BUFGMUX_X2Y3| No   | 1280 |  0.667     |  1.685      |
+---------------------+--------------+------+------+------------+-------------+
|microblaze_0_mdm_bus |              |      |      |            |             |
|            _Dbg_Clk | BUFGMUX_X3Y13| No   |   40 |  0.030     |  1.047      |
+---------------------+--------------+------+------+------------+-------------+
|microblaze_0_mdm_bus |              |      |      |            |             |
|         _Dbg_Update |         Local|      |   16 |  4.608     |  5.875      |
+---------------------+--------------+------+------+------------+-------------+
|fpga_0_Ethernet_MAC_ |              |      |      |            |             |
| PHY_rx_clk_pin_IBUF |         Local|      |   16 |  1.095     |  4.752      |
+---------------------+--------------+------+------+------------+-------------+
|Ethernet_MAC/Etherne |              |      |      |            |             |
|  t_MAC/phy_tx_clk_i |         Local|      |   18 |  1.698     |  2.712      |
+---------------------+--------------+------+------+------------+-------------+
|MCB3_LPDDR/MCB3_LPDD |              |      |      |            |             |
|R/mpmc_core_0/gen_sp |              |      |      |            |             |
| artan6_mcb.ioclk180 |         Local|      |   37 |  0.723     |  1.025      |
+---------------------+--------------+------+------+------------+-------------+
|MCB3_LPDDR/MCB3_LPDD |              |      |      |            |             |
|R/mpmc_core_0/gen_sp |              |      |      |            |             |
|   artan6_mcb.ioclk0 |         Local|      |   30 |  0.704     |  1.006      |
+---------------------+--------------+------+------+------------+-------------+
|MCB3_LPDDR/MCB3_LPDD |              |      |      |            |             |
|R/mpmc_core_0/gen_sp |              |      |      |            |             |
|artan6_mcb.s6_phy_to |              |      |      |            |             |
|p_if/mpmc_mcb_raw_wr |              |      |      |            |             |
| apper_0/ioi_drp_clk |         Local|      |   22 |  0.000     |  0.002      |
+---------------------+--------------+------+------+------------+-------------+
|MCB3_LPDDR/MCB3_LPDD |              |      |      |            |             |
|R/mpmc_core_0/gen_sp |              |      |      |            |             |
|artan6_mcb.s6_phy_to |              |      |      |            |             |
|p_if/mpmc_mcb_raw_wr |              |      |      |            |             |
|apper_0/idelay_dqs_i |              |      |      |            |             |
|                oi_s |         Local|      |    1 |  0.000     |  0.002      |
+---------------------+--------------+------+------+------------+-------------+
|MCB3_LPDDR/MCB3_LPDD |              |      |      |            |             |
|R/mpmc_core_0/gen_sp |              |      |      |            |             |
|artan6_mcb.s6_phy_to |              |      |      |            |             |
|p_if/mpmc_mcb_raw_wr |              |      |      |            |             |
|apper_0/idelay_dqs_i |              |      |      |            |             |
|                oi_m |         Local|      |    1 |  0.000     |  0.002      |
+---------------------+--------------+------+------+------------+-------------+
|MCB3_LPDDR/MCB3_LPDD |              |      |      |            |             |
|R/mpmc_core_0/gen_sp |              |      |      |            |             |
|artan6_mcb.s6_phy_to |              |      |      |            |             |
|p_if/mpmc_mcb_raw_wr |              |      |      |            |             |
|apper_0/idelay_udqs_ |              |      |      |            |             |
|               ioi_s |         Local|      |    1 |  0.000     |  0.002      |
+---------------------+--------------+------+------+------------+-------------+
|MCB3_LPDDR/MCB3_LPDD |              |      |      |            |             |
|R/mpmc_core_0/gen_sp |              |      |      |            |             |
|artan6_mcb.s6_phy_to |              |      |      |            |             |
|p_if/mpmc_mcb_raw_wr |              |      |      |            |             |
|apper_0/idelay_udqs_ |              |      |      |            |             |
|               ioi_m |         Local|      |    1 |  0.000     |  0.002      |
+---------------------+--------------+------+------+------------+-------------+

* Net Skew is the difference between the minimum and maximum routing
only delays for the net. Note this is different from Clock Skew which
is reported in TRCE timing report. Clock Skew is the difference between
the minimum and maximum path delays which includes logic delays.

Timing Score: 0 (Setup: 0, Hold: 0, Component Switching Limit: 0)

Number of Timing Constraints that were not applied: 3

Asterisk (*) preceding a constraint indicates it was not met.
   This may be due to a setup or hold violation.

----------------------------------------------------------------------------------------------------------
  Constraint                                |    Check    | Worst Case |  Best Case | Timing |   Timing   
                                            |             |    Slack   | Achievable | Errors |    Score   
----------------------------------------------------------------------------------------------------------
  TS_sys_clk_pin = PERIOD TIMEGRP "sys_clk_ | MINLOWPULSE |     9.999ns|     4.999ns|       0|           0
  pin" 66.6667 MHz HIGH 50%                 |             |            |            |        |            
----------------------------------------------------------------------------------------------------------
  TS_clock_generator_0_clock_generator_0_SI | SETUP       |     1.844ns|    13.155ns|       0|           0
  G_PLL0_CLKOUT2 = PERIOD TIMEGRP         " | HOLD        |     0.271ns|            |       0|           0
  clock_generator_0_clock_generator_0_SIG_P |             |            |            |        |            
  LL0_CLKOUT2" TS_sys_clk_pin         HIGH  |             |            |            |        |            
  50%                                       |             |            |            |        |            
----------------------------------------------------------------------------------------------------------
  TS_clk_400_0000MHz180PLL0_nobuf = PERIOD  | MINPERIOD   |     2.000ns|     0.500ns|       0|           0
  TIMEGRP         "clk_400_0000MHz180PLL0_n |             |            |            |        |            
  obuf" TS_sys_clk_pin * 6 PHASE 1.25 ns HI |             |            |            |        |            
  GH         50%                            |             |            |            |        |            
----------------------------------------------------------------------------------------------------------
  TS_clk_400_0000MHzPLL0_nobuf = PERIOD TIM | MINPERIOD   |     2.000ns|     0.500ns|       0|           0
  EGRP "clk_400_0000MHzPLL0_nobuf"          |             |            |            |        |            
  TS_sys_clk_pin * 6 HIGH 50%               |             |            |            |        |            
----------------------------------------------------------------------------------------------------------
  NET "fpga_0_Ethernet_MAC_PHY_rx_clk_pin_I | NETSKEW     |     2.733ns|     3.267ns|       0|           0
  BUF" MAXSKEW = 6 ns                       |             |            |            |        |            
----------------------------------------------------------------------------------------------------------
  NET "Ethernet_MAC/Ethernet_MAC/phy_tx_clk | NETSKEW     |     3.643ns|     2.357ns|       0|           0
  _i" MAXSKEW = 6 ns                        |             |            |            |        |            
----------------------------------------------------------------------------------------------------------
  TSTXOUT_Ethernet_MAC = MAXDELAY FROM TIME | MAXDELAY    |     5.889ns|     4.111ns|       0|           0
  GRP "TXCLK_GRP_Ethernet_MAC" TO         T |             |            |            |        |            
  IMEGRP "PADS" 10 ns                       |             |            |            |        |            
----------------------------------------------------------------------------------------------------------
  OFFSET = IN 6 ns BEFORE COMP "fpga_0_Ethe | SETUP       |     6.458ns|    -0.458ns|       0|           0
  rnet_MAC_PHY_rx_clk_pin"                  |             |            |            |        |            
----------------------------------------------------------------------------------------------------------
  NET "Ethernet_MAC/Ethernet_MAC/phy_tx_clk | SETUP       |     7.405ns|    18.842ns|       0|           0
  _i" PERIOD = 40 ns HIGH 14 ns             | HOLD        |     0.230ns|            |       0|           0
----------------------------------------------------------------------------------------------------------
  NET "fpga_0_Ethernet_MAC_PHY_rx_clk_pin_I | SETUP       |    11.091ns|     8.311ns|       0|           0
  BUF" PERIOD = 40 ns HIGH 14 ns            | HOLD        |     0.343ns|            |       0|           0
----------------------------------------------------------------------------------------------------------


Derived Constraint Report
Review Timing Report for more details on the following derived constraints.
To create a Timing Report, run "trce -v 12 -fastpaths -o design_timing_report design.ncd design.pcf"
or "Run Timing Analysis" from Timing Analyzer (timingan).
Derived Constraints for TS_sys_clk_pin
+-------------------------------+-------------+-------------+-------------+-------------+-------------+-------------+-------------+
|                               |   Period    |       Actual Period       |      Timing Errors        |      Paths Analyzed       |
|           Constraint          | Requirement |-------------+-------------|-------------+-------------|-------------+-------------|
|                               |             |   Direct    | Derivative  |   Direct    | Derivative  |   Direct    | Derivative  |
+-------------------------------+-------------+-------------+-------------+-------------+-------------+-------------+-------------+
|TS_sys_clk_pin                 |     15.000ns|      4.999ns|     13.155ns|            0|            0|            0|       229888|
| TS_clk_400_0000MHz180PLL0_nobu|      2.500ns|      0.500ns|          N/A|            0|            0|            0|            0|
| f                             |             |             |             |             |             |             |             |
| TS_clk_400_0000MHzPLL0_nobuf  |      2.500ns|      0.500ns|          N/A|            0|            0|            0|            0|
| TS_clock_generator_0_clock_gen|     15.000ns|     13.155ns|          N/A|            0|            0|       229888|            0|
| erator_0_SIG_PLL0_CLKOUT2     |             |             |             |             |             |             |             |
+-------------------------------+-------------+-------------+-------------+-------------+-------------+-------------+-------------+

All constraints were met.


Generating Pad Report.

All signals are completely routed.

WARNING:Par:283 - There are 18 loadless signals in this design. This design will cause Bitgen to issue DRC warnings.

Total REAL time to PAR completion: 26 secs 
Total CPU time to PAR completion: 22 secs 

Peak Memory Usage:  408 MB

Placer: Placement generated during map.
Routing: Completed - No errors found.
Timing: Completed - No errors found.

Number of error messages: 0
Number of warning messages: 21
Number of info messages: 0

Writing design to file system.ncd



PAR done!



#----------------------------------------------#
# Starting program post_par_trce
# trce -e 3 -xml system.twx system.ncd system.pcf 
#----------------------------------------------#
Release 12.1 - Trace  (nt64)
Copyright (c) 1995-2010 Xilinx, Inc.  All rights reserved.


PMSPEC -- Overriding Xilinx file
<C:/Xilinx/12.1/ISE_DS/EDK/spartan6/data/spartan6.acd> with local file
<C:/Xilinx/12.1/ISE_DS/ISE/spartan6/data/spartan6.acd>
Loading device for application Rf_Device from file '6slx9.nph' in environment
C:\Xilinx\12.1\ISE_DS\ISE;C:\Xilinx\12.1\ISE_DS\EDK.
   "system" is an NCD, version 3.2, device xc6slx9, package csg324, speed -2
--------------------------------------------------------------------------------
Release 12.1 Trace  (nt64)
Copyright (c) 1995-2010 Xilinx, Inc.  All rights reserved.

C:\Xilinx\12.1\ISE_DS\ISE\bin\nt64\unwrapped\trce.exe -e 3 -xml system.twx
system.ncd system.pcf


Design file:              system.ncd
Physical constraint file: system.pcf
Device,speed:             xc6slx9,-2 (ADVANCED 1.08 2010-04-09)
Report level:             error report
--------------------------------------------------------------------------------

INFO:Timing:2752 - To get complete path coverage, use the unconstrained paths option. All paths that are not constrained will be reported in
   the unconstrained paths section(s) of the report.
INFO:Timing:3339 - The clock-to-out numbers in this timing report are based on a 50 Ohm transmission line loading model.  For the details of
   this model, and for more information on accounting for different loading conditions, please see the device datasheet.


Timing summary:
---------------

Timing errors: 0  Score: 0 (Setup/Max: 0, Hold: 0)

Constraints cover 230217 paths, 2 nets, and 21134 connections

Design statistics:
   Minimum period:  18.842ns (Maximum frequency:  53.073MHz)
   Maximum path delay from/to any node:   4.111ns
   Maximum net skew:   3.267ns


Analysis completed Wed Jan 10 16:05:28 2018
--------------------------------------------------------------------------------

Generating Report ...

Number of warnings: 0
Number of info messages: 2
Total time: 6 secs 


