--------------------------------------------------------------------------------
Release 14.4 Trace  (nt64)
Copyright (c) 1995-2012 Xilinx, Inc.  All rights reserved.

C:\Users\Alberto\14.4\ISE_DS\ISE\bin\nt64\unwrapped\trce.exe -intstyle ise -v 3
-s 4 -n 3 -fastpaths -xml TOP_ITO.twx TOP_ITO.ncd -o TOP_ITO.twr TOP_ITO.pcf
-ucf constraint_topito.ucf

Design file:              TOP_ITO.ncd
Physical constraint file: TOP_ITO.pcf
Device,package,speed:     xc3s500e,fg320,-4 (PRODUCTION 1.27 2012-12-04)
Report level:             verbose report

Environment Variable      Effect 
--------------------      ------ 
NONE                      No environment variables were set
--------------------------------------------------------------------------------

INFO:Timing:2698 - No timing constraints found, doing default enumeration.
INFO:Timing:3412 - To improve timing, see the Timing Closure User Guide (UG612).
INFO:Timing:2752 - To get complete path coverage, use the unconstrained paths 
   option. All paths that are not constrained will be reported in the 
   unconstrained paths section(s) of the report.
INFO:Timing:3339 - The clock-to-out numbers in this timing report are based on 
   a 50 Ohm transmission line loading model.  For the details of this model, 
   and for more information on accounting for different loading conditions, 
   please see the device datasheet.
INFO:Timing:3390 - This architecture does not support a default System Jitter 
   value, please add SYSTEM_JITTER constraint to the UCF to modify the Clock 
   Uncertainty calculation.
INFO:Timing:3389 - This architecture does not support 'Discrete Jitter' and 
   'Phase Error' calculations, these terms will be zero in the Clock 
   Uncertainty calculation.  Please make appropriate modification to 
   SYSTEM_JITTER to account for the unsupported Discrete Jitter and Phase 
   Error.



Data Sheet report:
-----------------
All values displayed in nanoseconds (ns)

Setup/Hold to clock clk
------------+------------+------------+------------------+--------+
            |Max Setup to|Max Hold to |                  | Clock  |
Source      | clk (edge) | clk (edge) |Internal Clock(s) | Phase  |
------------+------------+------------+------------------+--------+
downin      |    3.113(R)|   -0.906(R)|clk_BUFGP         |   0.000|
leftin      |    3.583(R)|   -1.110(R)|clk_BUFGP         |   0.000|
reset       |    1.901(R)|    0.328(R)|clk_BUFGP         |   0.000|
rightin     |    2.837(R)|   -0.702(R)|clk_BUFGP         |   0.000|
swein       |    1.943(R)|    0.868(R)|clk_BUFGP         |   0.000|
upin        |    5.200(R)|   -2.050(R)|clk_BUFGP         |   0.000|
------------+------------+------------+------------------+--------+

Clock clk to Pad
------------+------------+------------------+--------+
            | clk (edge) |                  | Clock  |
Destination |   to PAD   |Internal Clock(s) | Phase  |
------------+------------+------------------+--------+
BLUE        |   14.020(R)|clk_BUFGP         |   0.000|
GRN         |   13.435(R)|clk_BUFGP         |   0.000|
HS          |    8.306(R)|clk_BUFGP         |   0.000|
RED         |   15.698(R)|clk_BUFGP         |   0.000|
VS          |    8.663(R)|clk_BUFGP         |   0.000|
------------+------------+------------------+--------+

Clock to Setup on destination clock clk
---------------+---------+---------+---------+---------+
               | Src:Rise| Src:Fall| Src:Rise| Src:Fall|
Source Clock   |Dest:Rise|Dest:Rise|Dest:Fall|Dest:Fall|
---------------+---------+---------+---------+---------+
clk            |    7.530|         |         |         |
---------------+---------+---------+---------+---------+


Analysis completed Tue Dec 13 16:13:31 2016 
--------------------------------------------------------------------------------

Trace Settings:
-------------------------
Trace Settings 

Peak Memory Usage: 178 MB



